Travel Guide Application/Android/app/build/outputs/logs/manifest-merger-debug-report.txt
-- Merging decision tree log ---
manifest
ADDED from src/main/AndroidManifest.xml:2:1-154:12
INJECTED from src/main/AndroidManifest.xml:2:1-154:12
INJECTED from src/main/AndroidManifest.xml:2:1-154:12
INJECTED from src/main/AndroidManifest.xml:2:1-154:12
MERGED from [com.android.support.constraint:constraint-layout:1.1.2] AndroidManifest.xml:2:1-11:12
MERGED from [com.github.dmytrodanylyk.android-process-button:library:1.0.4] AndroidManifest.xml:2:1-12:12
MERGED from [com.cloudinary:cloudinary-android:1.24.0] AndroidManifest.xml:2:1-15:12
MERGED from [com.journeyapps:zxing-android-embedded:3.4.0] AndroidManifest.xml:17:1-55:12
MERGED from [com.google.android.gms:play-services-maps:15.0.1] AndroidManifest.xml:17:1-32:12
MERGED from [com.google.android.gms:play-services-location:15.0.1] AndroidManifest.xml:2:1-9:12
MERGED from [com.google.android.gms:play-services-base:15.0.1] AndroidManifest.xml:17:1-29:12
MERGED from [com.google.android.gms:play-services-places-placereport:15.0.1] AndroidManifest.xml:17:1-24:12
MERGED from [com.google.android.gms:play-services-tasks:15.0.1] AndroidManifest.xml:2:1-9:12
MERGED from [com.google.android.gms:play-services-basement:15.0.1] AndroidManifest.xml:17:1-28:12
MERGED from [com.miguelcatalan:materialsearchview:1.4.0] AndroidManifest.xml:2:1-13:12
MERGED from [com.android.support:design:27.1.1] AndroidManifest.xml:17:1-22:12
MERGED from [com.android.support:support-v4:27.1.1] AndroidManifest.xml:17:1-22:12
MERGED from [com.android.support:cardview-v7:27.1.1] AndroidManifest.xml:17:1-22:12
MERGED from [com.afollestad.material-dialogs:core:0.9.6.0] AndroidManifest.xml:2:1-15:12
MERGED from [com.airbnb.android:lottie:2.5.5] AndroidManifest.xml:2:1-13:12
MERGED from [io.github.tonnyl:whatsnew:0.1.1] AndroidManifest.xml:2:1-13:12
MERGED from [com.theartofdev.edmodo:android-image-cropper:2.7.0] AndroidManifest.xml:2:1-11:12
MERGED from [me.zhanghai.android.materialprogressbar:library:1.4.2] AndroidManifest.xml:6:1-16:12
MERGED from [com.android.support:appcompat-v7:27.1.1] AndroidManifest.xml:17:1-22:12
MERGED from [com.eftimoff:android-pathview:1.0.8] AndroidManifest.xml:2:1-14:12
MERGED from [com.patrickpissurno:ripple-effect:1.3.1] AndroidManifest.xml:2:1-14:12
MERGED from [com.ToxicBakery.viewpager.transforms:view-pager-transforms:1.2.32] AndroidManifest.xml:17:1-27:12
MERGED from [com.jakewharton:butterknife:8.8.1] AndroidManifest.xml:2:1-7:12
MERGED from [android.arch.persistence.room:rxjava2:1.0.0] AndroidManifest.xml:17:1-24:12
MERGED from [android.arch.persistence.room:runtime:1.0.0] AndroidManifest.xml:17:1-24:12
MERGED from [com.github.juanlabrador:badgecounter:1.0.2] AndroidManifest.xml:2:1-12:12
MERGED from [com.github.mirrajabi:search-dialog:1.2.2] AndroidManifest.xml:2:1-17:12
MERGED from [io.reactivex.rxjava2:rxandroid:2.0.2] AndroidManifest.xml:15:1-21:12
MERGED from [android.arch.lifecycle:extensions:1.1.0] AndroidManifest.xml:17:1-30:12
MERGED from [com.android.support:support-fragment:27.1.1] AndroidManifest.xml:17:1-22:12
MERGED from [android.arch.lifecycle:viewmodel:1.1.0] AndroidManifest.xml:17:1-22:12
MERGED from [com.android.support:animated-vector-drawable:27.1.1] AndroidManifest.xml:17:1-22:12
MERGED from [com.android.support:support-vector-drawable:27.1.1] AndroidManifest.xml:17:1-22:12
MERGED from [com.android.support:recyclerview-v7:27.1.1] AndroidManifest.xml:17:1-22:12
MERGED from [com.android.support:support-core-ui:27.1.1] AndroidManifest.xml:17:1-22:12
MERGED from [com.android.support:transition:27.1.1] AndroidManifest.xml:17:1-22:12
MERGED from [com.android.support:support-media-compat:27.1.1] AndroidManifest.xml:17:1-22:12
MERGED from [com.android.support:support-core-utils:27.1.1] AndroidManifest.xml:17:1-22:12
MERGED from [com.android.support:support-compat:27.1.1] AndroidManifest.xml:17:1-22:12
MERGED from [android.arch.persistence:db-framework:1.0.0] AndroidManifest.xml:17:1-24:12
MERGED from [android.arch.persistence:db:1.0.0] AndroidManifest.xml:17:1-24:12
MERGED from [android.arch.lifecycle:runtime:1.1.0] AndroidManifest.xml:17:1-22:12
MERGED from [android.arch.lifecycle:livedata:1.1.0] AndroidManifest.xml:17:1-22:12
MERGED from [android.arch.lifecycle:livedata-core:1.1.0] AndroidManifest.xml:17:1-22:12
MERGED from [android.arch.core:runtime:1.1.0] AndroidManifest.xml:17:1-22:12
MERGED from [com.android.support:exifinterface:27.1.1] AndroidManifest.xml:17:1-22:12
MERGED from [com.evernote:android-job:1.2.1] AndroidManifest.xml:2:1-65:12
INJECTED from src/main/AndroidManifest.xml:2:1-154:12
INJECTED from src/main/AndroidManifest.xml:2:1-154:12
INJECTED from src/main/AndroidManifest.xml:2:1-154:12
	package
		ADDED from src/main/AndroidManifest.xml:4:5-44
		INJECTED from src/main/AndroidManifest.xml
		INJECTED from src/main/AndroidManifest.xml
	android:versionName
		INJECTED from src/main/AndroidManifest.xml
		ADDED from src/main/AndroidManifest.xml:2:1-154:12
		INJECTED from src/main/AndroidManifest.xml
	xmlns:tools
		ADDED from src/main/AndroidManifest.xml:3:5-51
	android:versionCode
		INJECTED from src/main/AndroidManifest.xml
		ADDED from src/main/AndroidManifest.xml:2:1-154:12
		INJECTED from src/main/AndroidManifest.xml
	xmlns:android
		ADDED from src/main/AndroidManifest.xml:2:11-69
uses-feature#android.hardware.camera
ADDED from src/main/AndroidManifest.xml:6:5-60
MERGED from [com.journeyapps:zxing-android-embedded:3.4.0] AndroidManifest.xml:24:5-26:36
MERGED from [com.journeyapps:zxing-android-embedded:3.4.0] AndroidManifest.xml:24:5-26:36
	android:name
		ADDED from src/main/AndroidManifest.xml:6:19-57
uses-feature#android.hardware.camera.autofocus
ADDED from src/main/AndroidManifest.xml:7:5-9:36
MERGED from [com.journeyapps:zxing-android-embedded:3.4.0] AndroidManifest.xml:32:5-34:36
MERGED from [com.journeyapps:zxing-android-embedded:3.4.0] AndroidManifest.xml:32:5-34:36
	android:required
		ADDED from src/main/AndroidManifest.xml:9:9-33
	android:name
		ADDED from src/main/AndroidManifest.xml:8:9-57
uses-permission#android.permission.CAMERA
ADDED from src/main/AndroidManifest.xml:11:5-65
MERGED from [com.journeyapps:zxing-android-embedded:3.4.0] AndroidManifest.xml:21:5-65
MERGED from [com.journeyapps:zxing-android-embedded:3.4.0] AndroidManifest.xml:21:5-65
	android:name
		ADDED from src/main/AndroidManifest.xml:11:22-62
uses-permission#android.permission.WRITE_EXTERNAL_STORAGE
ADDED from src/main/AndroidManifest.xml:12:5-81
	android:name
		ADDED from src/main/AndroidManifest.xml:12:22-78
uses-permission#android.permission.BLUETOOTH
ADDED from src/main/AndroidManifest.xml:13:5-68
	android:name
		ADDED from src/main/AndroidManifest.xml:13:22-65
uses-permission#android.permission.WRITE_CONTACTS
ADDED from src/main/AndroidManifest.xml:14:5-73
	android:name
		ADDED from src/main/AndroidManifest.xml:14:22-70
uses-permission#android.permission.BLUETOOTH_ADMIN
ADDED from src/main/AndroidManifest.xml:15:5-74
	android:name
		ADDED from src/main/AndroidManifest.xml:15:22-71
uses-permission#android.permission.READ_PHONE_STATE
ADDED from src/main/AndroidManifest.xml:16:5-75
	android:name
		ADDED from src/main/AndroidManifest.xml:16:22-72
uses-permission#android.permission.WAKE_LOCK
ADDED from src/main/AndroidManifest.xml:17:5-68
MERGED from [com.evernote:android-job:1.2.1] AndroidManifest.xml:12:5-68
MERGED from [com.evernote:android-job:1.2.1] AndroidManifest.xml:12:5-68
	android:name
		ADDED from src/main/AndroidManifest.xml:17:22-65
uses-permission#android.permission.READ_EXTERNAL_STORAGE
ADDED from src/main/AndroidManifest.xml:18:5-80
	android:name
		ADDED from src/main/AndroidManifest.xml:18:22-77
uses-permission#android.permission.INTERNET
ADDED from src/main/AndroidManifest.xml:19:5-67
MERGED from [com.cloudinary:cloudinary-android:1.24.0] AndroidManifest.xml:11:5-67
MERGED from [com.cloudinary:cloudinary-android:1.24.0] AndroidManifest.xml:11:5-67
MERGED from [com.google.android.gms:play-services-maps:15.0.1] AndroidManifest.xml:24:5-67
MERGED from [com.google.android.gms:play-services-maps:15.0.1] AndroidManifest.xml:24:5-67
	android:name
		ADDED from src/main/AndroidManifest.xml:19:22-64
uses-permission#android.permission.ACCESS_NETWORK_STATE
ADDED from src/main/AndroidManifest.xml:20:5-79
MERGED from [com.google.android.gms:play-services-maps:15.0.1] AndroidManifest.xml:23:5-79
MERGED from [com.google.android.gms:play-services-maps:15.0.1] AndroidManifest.xml:23:5-79
MERGED from [com.evernote:android-job:1.2.1] AndroidManifest.xml:13:5-79
MERGED from [com.evernote:android-job:1.2.1] AndroidManifest.xml:13:5-79
	android:name
		ADDED from src/main/AndroidManifest.xml:20:22-76
uses-permission#android.permission.READ_CONTACTS
ADDED from src/main/AndroidManifest.xml:21:5-72
	android:name
		ADDED from src/main/AndroidManifest.xml:21:22-69
uses-permission#android.permission.READ_PROFILE
ADDED from src/main/AndroidManifest.xml:22:5-71
	android:name
		ADDED from src/main/AndroidManifest.xml:22:22-68
uses-permission#android.permission.ACCESS_COARSE_LOCATION
ADDED from src/main/AndroidManifest.xml:23:5-81
	android:name
		ADDED from src/main/AndroidManifest.xml:23:22-78
uses-permission#android.permission.ACCESS_FINE_LOCATION
ADDED from src/main/AndroidManifest.xml:24:5-79
	android:name
		ADDED from src/main/AndroidManifest.xml:24:22-76
uses-permission#android.permission.VIBRATE
ADDED from src/main/AndroidManifest.xml:25:5-66
	android:name
		ADDED from src/main/AndroidManifest.xml:25:22-63
application
ADDED from src/main/AndroidManifest.xml:27:5-152:19
MERGED from [com.android.support.constraint:constraint-layout:1.1.2] AndroidManifest.xml:9:5-20
MERGED from [com.android.support.constraint:constraint-layout:1.1.2] AndroidManifest.xml:9:5-20
MERGED from [com.cloudinary:cloudinary-android:1.24.0] AndroidManifest.xml:13:5-67
MERGED from [com.cloudinary:cloudinary-android:1.24.0] AndroidManifest.xml:13:5-67
MERGED from [com.journeyapps:zxing-android-embedded:3.4.0] AndroidManifest.xml:45:5-53:19
MERGED from [com.journeyapps:zxing-android-embedded:3.4.0] AndroidManifest.xml:45:5-53:19
MERGED from [com.google.android.gms:play-services-maps:15.0.1] AndroidManifest.xml:30:5-20
MERGED from [com.google.android.gms:play-services-maps:15.0.1] AndroidManifest.xml:30:5-20
MERGED from [com.google.android.gms:play-services-location:15.0.1] AndroidManifest.xml:7:5-20
MERGED from [com.google.android.gms:play-services-location:15.0.1] AndroidManifest.xml:7:5-20
MERGED from [com.google.android.gms:play-services-base:15.0.1] AndroidManifest.xml:22:5-27:19
MERGED from [com.google.android.gms:play-services-base:15.0.1] AndroidManifest.xml:22:5-27:19
MERGED from [com.google.android.gms:play-services-places-placereport:15.0.1] AndroidManifest.xml:22:5-20
MERGED from [com.google.android.gms:play-services-places-placereport:15.0.1] AndroidManifest.xml:22:5-20
MERGED from [com.google.android.gms:play-services-tasks:15.0.1] AndroidManifest.xml:7:5-20
MERGED from [com.google.android.gms:play-services-tasks:15.0.1] AndroidManifest.xml:7:5-20
MERGED from [com.google.android.gms:play-services-basement:15.0.1] AndroidManifest.xml:22:5-26:19
MERGED from [com.google.android.gms:play-services-basement:15.0.1] AndroidManifest.xml:22:5-26:19
MERGED from [com.miguelcatalan:materialsearchview:1.4.0] AndroidManifest.xml:11:5-20
MERGED from [com.miguelcatalan:materialsearchview:1.4.0] AndroidManifest.xml:11:5-20
MERGED from [com.afollestad.material-dialogs:core:0.9.6.0] AndroidManifest.xml:13:5-20
MERGED from [com.afollestad.material-dialogs:core:0.9.6.0] AndroidManifest.xml:13:5-20
MERGED from [com.airbnb.android:lottie:2.5.5] AndroidManifest.xml:11:5-20
MERGED from [com.airbnb.android:lottie:2.5.5] AndroidManifest.xml:11:5-20
MERGED from [com.eftimoff:android-pathview:1.0.8] AndroidManifest.xml:12:5-20
MERGED from [com.eftimoff:android-pathview:1.0.8] AndroidManifest.xml:12:5-20
MERGED from [com.patrickpissurno:ripple-effect:1.3.1] AndroidManifest.xml:12:5-20
MERGED from [com.patrickpissurno:ripple-effect:1.3.1] AndroidManifest.xml:12:5-20
MERGED from [com.github.mirrajabi:search-dialog:1.2.2] AndroidManifest.xml:11:5-15:19
MERGED from [com.github.mirrajabi:search-dialog:1.2.2] AndroidManifest.xml:11:5-15:19
MERGED from [android.arch.lifecycle:extensions:1.1.0] AndroidManifest.xml:22:5-28:19
MERGED from [android.arch.lifecycle:extensions:1.1.0] AndroidManifest.xml:22:5-28:19
MERGED from [com.evernote:android-job:1.2.1] AndroidManifest.xml:16:5-63:19
MERGED from [com.evernote:android-job:1.2.1] AndroidManifest.xml:16:5-63:19
	android:screenOrientation
		ADDED from src/main/AndroidManifest.xml:33:9-45
	android:supportsRtl
		ADDED from src/main/AndroidManifest.xml:34:9-35
	android:label
		ADDED from src/main/AndroidManifest.xml:31:9-41
	android:fullBackupContent
		ADDED from src/main/AndroidManifest.xml:29:9-59
		REJECTED from [com.cloudinary:cloudinary-android:1.24.0] AndroidManifest.xml:13:18-64
	tools:ignore
		ADDED from [com.evernote:android-job:1.2.1] AndroidManifest.xml:16:18-44
	android:largeHeap
		ADDED from src/main/AndroidManifest.xml:32:9-33
	android:icon
		ADDED from src/main/AndroidManifest.xml:30:9-52
	android:allowBackup
		ADDED from src/main/AndroidManifest.xml:28:9-35
	android:theme
		ADDED from src/main/AndroidManifest.xml:35:9-40
	tools:replace
		ADDED from src/main/AndroidManifest.xml:36:9-50
activity#io.github.project_travel_mate.mytrips.TripImageActivity
ADDED from src/main/AndroidManifest.xml:37:9-40:47
	android:configChanges
		ADDED from src/main/AndroidManifest.xml:39:13-59
	android:theme
		ADDED from src/main/AndroidManifest.xml:40:13-44
	android:name
		ADDED from src/main/AndroidManifest.xml:38:13-54
activity#io.github.project_travel_mate.MainActivity
ADDED from src/main/AndroidManifest.xml:41:9-57:20
	android:label
		ADDED from src/main/AndroidManifest.xml:43:13-45
	android:windowSoftInputMode
		ADDED from src/main/AndroidManifest.xml:45:13-55
	android:theme
		ADDED from src/main/AndroidManifest.xml:44:13-49
	android:name
		ADDED from src/main/AndroidManifest.xml:42:13-41
intent-filter#action:name:android.intent.action.VIEW+category:name:android.intent.category.BROWSABLE+category:name:android.intent.category.DEFAULT+data:host:project-travel-mate.github.io+data:pathPattern:.*+data:scheme:http+data:scheme:https
ADDED from src/main/AndroidManifest.xml:46:13-56:29
action#android.intent.action.VIEW
ADDED from src/main/AndroidManifest.xml:47:17-69
	android:name
		ADDED from src/main/AndroidManifest.xml:47:25-66
category#android.intent.category.DEFAULT
ADDED from src/main/AndroidManifest.xml:49:17-76
	android:name
		ADDED from src/main/AndroidManifest.xml:49:27-73
category#android.intent.category.BROWSABLE
ADDED from src/main/AndroidManifest.xml:50:17-78
	android:name
		ADDED from src/main/AndroidManifest.xml:50:27-75
data
ADDED from src/main/AndroidManifest.xml:52:17-70
	android:host
		ADDED from src/main/AndroidManifest.xml:52:23-67
	android:scheme
		ADDED from src/main/AndroidManifest.xml:53:23-45
	android:pathPattern
		ADDED from src/main/AndroidManifest.xml:55:23-47
service#utils.GPSTracker
ADDED from src/main/AndroidManifest.xml:59:9-61:38
	android:enabled
		ADDED from src/main/AndroidManifest.xml:61:13-35
	android:name
		ADDED from src/main/AndroidManifest.xml:60:13-44
activity#io.github.project_travel_mate.utilities.ChecklistActivity
ADDED from src/main/AndroidManifest.xml:63:9-66:54
	android:label
		ADDED from src/main/AndroidManifest.xml:65:13-63
	android:theme
		ADDED from src/main/AndroidManifest.xml:66:13-51
	android:name
		ADDED from src/main/AndroidManifest.xml:64:13-56
meta-data#com.google.android.geo.API_KEY
ADDED from src/main/AndroidManifest.xml:68:9-70:71
	android:value
		ADDED from src/main/AndroidManifest.xml:70:13-68
	android:name
		ADDED from src/main/AndroidManifest.xml:69:13-58
meta-data#com.google.android.gms.version
ADDED from src/main/AndroidManifest.xml:71:9-73:69
MERGED from [com.google.android.gms:play-services-basement:15.0.1] AndroidManifest.xml:23:9-25:69
MERGED from [com.google.android.gms:play-services-basement:15.0.1] AndroidManifest.xml:23:9-25:69
	android:value
		ADDED from src/main/AndroidManifest.xml:73:13-66
	android:name
		ADDED from src/main/AndroidManifest.xml:72:13-58
activity#io.github.project_travel_mate.travel.ShoppingCurrentCityActivity
ADDED from src/main/AndroidManifest.xml:75:9-78:54
	android:label
		ADDED from src/main/AndroidManifest.xml:77:13-72
	android:theme
		ADDED from src/main/AndroidManifest.xml:78:13-51
	android:name
		ADDED from src/main/AndroidManifest.xml:76:13-63
activity#io.github.project_travel_mate.travel.HotelsActivity
ADDED from src/main/AndroidManifest.xml:79:9-82:54
	android:label
		ADDED from src/main/AndroidManifest.xml:81:13-58
	android:theme
		ADDED from src/main/AndroidManifest.xml:82:13-51
	android:name
		ADDED from src/main/AndroidManifest.xml:80:13-50
activity#io.github.project_travel_mate.travel.MapViewRealTimeActivity
ADDED from src/main/AndroidManifest.xml:83:9-86:54
	android:label
		ADDED from src/main/AndroidManifest.xml:85:13-55
	android:theme
		ADDED from src/main/AndroidManifest.xml:86:13-51
	android:name
		ADDED from src/main/AndroidManifest.xml:84:13-59
activity#io.github.project_travel_mate.SplashActivity
ADDED from src/main/AndroidManifest.xml:87:9-100:20
	android:label
		ADDED from src/main/AndroidManifest.xml:89:13-45
	android:theme
		ADDED from src/main/AndroidManifest.xml:90:13-49
	android:name
		ADDED from src/main/AndroidManifest.xml:88:13-43
intent-filter#action:name:android.intent.action.MAIN+category:name:android.intent.category.LAUNCHER
ADDED from src/main/AndroidManifest.xml:91:13-95:29
action#android.intent.action.MAIN
ADDED from src/main/AndroidManifest.xml:92:17-69
	android:name
		ADDED from src/main/AndroidManifest.xml:92:25-66
category#android.intent.category.LAUNCHER
ADDED from src/main/AndroidManifest.xml:94:17-77
	android:name
		ADDED from src/main/AndroidManifest.xml:94:27-74
meta-data#android.app.shortcuts
ADDED from src/main/AndroidManifest.xml:97:13-99:53
	android:resource
		ADDED from src/main/AndroidManifest.xml:99:17-50
	android:name
		ADDED from src/main/AndroidManifest.xml:98:17-53
activity#io.github.project_travel_mate.destinations.funfacts.FunFactsActivity
ADDED from src/main/AndroidManifest.xml:101:9-104:54
	android:label
		ADDED from src/main/AndroidManifest.xml:103:13-61
	android:theme
		ADDED from src/main/AndroidManifest.xml:104:13-51
	android:name
		ADDED from src/main/AndroidManifest.xml:102:13-67
activity#io.github.project_travel_mate.utilities.ShareContactActivity
ADDED from src/main/AndroidManifest.xml:105:9-68
	android:name
		ADDED from src/main/AndroidManifest.xml:105:19-65
activity#io.github.project_travel_mate.login.LoginActivity
ADDED from src/main/AndroidManifest.xml:106:9-109:52
	android:label
		ADDED from src/main/AndroidManifest.xml:108:13-57
	android:theme
		ADDED from src/main/AndroidManifest.xml:109:13-49
	android:name
		ADDED from src/main/AndroidManifest.xml:107:13-48
activity#io.github.project_travel_mate.destinations.description.FinalCityInfoActivity
ADDED from src/main/AndroidManifest.xml:110:9-84
	android:name
		ADDED from src/main/AndroidManifest.xml:110:19-81
activity#io.github.project_travel_mate.destinations.description.PlacesOnMapActivity
ADDED from src/main/AndroidManifest.xml:111:9-82
	android:name
		ADDED from src/main/AndroidManifest.xml:111:19-79
activity#io.github.project_travel_mate.mytrips.AddNewTripActivity
ADDED from src/main/AndroidManifest.xml:112:9-64
	android:name
		ADDED from src/main/AndroidManifest.xml:112:19-61
activity#io.github.project_travel_mate.mytrips.MyTripInfoActivity
ADDED from src/main/AndroidManifest.xml:113:9-115:57
	android:windowSoftInputMode
		ADDED from src/main/AndroidManifest.xml:115:13-54
	android:name
		ADDED from src/main/AndroidManifest.xml:114:13-55
activity#io.github.project_travel_mate.destinations.description.TweetsActivity
ADDED from src/main/AndroidManifest.xml:116:9-77
	android:name
		ADDED from src/main/AndroidManifest.xml:116:19-74
provider#android.support.v4.content.FileProvider
ADDED from src/main/AndroidManifest.xml:118:9-126:20
	android:grantUriPermissions
		ADDED from src/main/AndroidManifest.xml:122:13-47
	android:authorities
		ADDED from src/main/AndroidManifest.xml:120:13-74
	android:exported
		ADDED from src/main/AndroidManifest.xml:121:13-37
	android:name
		ADDED from src/main/AndroidManifest.xml:119:13-67
meta-data#android.support.FILE_PROVIDER_PATHS
ADDED from src/main/AndroidManifest.xml:123:13-125:58
	android:resource
		ADDED from src/main/AndroidManifest.xml:125:17-55
	android:name
		ADDED from src/main/AndroidManifest.xml:124:17-67
activity#io.github.project_travel_mate.ProfileActivity
ADDED from src/main/AndroidManifest.xml:128:9-53
	android:name
		ADDED from src/main/AndroidManifest.xml:128:19-50
activity#io.github.project_travel_mate.friend.FriendsProfileActivity
ADDED from src/main/AndroidManifest.xml:129:9-67
	android:name
		ADDED from src/main/AndroidManifest.xml:129:19-64
activity#io.github.project_travel_mate.notifications.NotificationsActivity
ADDED from src/main/AndroidManifest.xml:130:9-73
	android:name
		ADDED from src/main/AndroidManifest.xml:130:19-70
activity#io.github.project_travel_mate.FullScreenImage
ADDED from src/main/AndroidManifest.xml:131:9-133:60
	android:theme
		ADDED from src/main/AndroidManifest.xml:133:13-57
	android:name
		ADDED from src/main/AndroidManifest.xml:132:13-44
activity#io.github.project_travel_mate.utilities.WeatherForecastActivity
ADDED from src/main/AndroidManifest.xml:134:9-71
	android:name
		ADDED from src/main/AndroidManifest.xml:134:19-68
activity#io.github.project_travel_mate.destinations.description.WeatherActivity
ADDED from src/main/AndroidManifest.xml:135:9-78
	android:name
		ADDED from src/main/AndroidManifest.xml:135:19-75
activity#io.github.project_travel_mate.destinations.description.CityHistoryActivity
ADDED from src/main/AndroidManifest.xml:138:9-81
	android:name
		ADDED from src/main/AndroidManifest.xml:138:19-79
activity#io.github.project_travel_mate.travel.ListViewRealTimeActivity
ADDED from src/main/AndroidManifest.xml:139:9-69
	android:name
		ADDED from src/main/AndroidManifest.xml:139:19-66
activity#io.github.project_travel_mate.destinations.description.RestaurantsActivity
ADDED from src/main/AndroidManifest.xml:140:9-82
	android:name
		ADDED from src/main/AndroidManifest.xml:140:19-79
activity#io.github.project_travel_mate.destinations.description.TweetsDescriptionActivity
ADDED from src/main/AndroidManifest.xml:141:9-88
	android:name
		ADDED from src/main/AndroidManifest.xml:141:19-85
activity#com.theartofdev.edmodo.cropper.CropImageActivity
ADDED from src/main/AndroidManifest.xml:142:9-85
	android:name
		ADDED from src/main/AndroidManifest.xml:142:19-82
activity#io.github.project_travel_mate.DeleteProfilePictureActivity
ADDED from src/main/AndroidManifest.xml:143:9-151:20
	android:label
		ADDED from src/main/AndroidManifest.xml:145:13-49
	android:icon
		ADDED from src/main/AndroidManifest.xml:144:13-53
	android:theme
		ADDED from src/main/AndroidManifest.xml:146:13-59
	android:name
		ADDED from src/main/AndroidManifest.xml:143:19-63
intent-filter#action:name:android.intent.action.DELETE+category:name:android.intent.category.DEFAULT
ADDED from src/main/AndroidManifest.xml:147:13-150:29
action#android.intent.action.DELETE
ADDED from src/main/AndroidManifest.xml:148:17-71
	android:name
		ADDED from src/main/AndroidManifest.xml:148:25-68
uses-sdk
INJECTED from src/main/AndroidManifest.xml reason: use-sdk injection requested
INJECTED from src/main/AndroidManifest.xml
INJECTED from src/main/AndroidManifest.xml
MERGED from [com.android.support.constraint:constraint-layout:1.1.2] AndroidManifest.xml:5:5-7:41
MERGED from [com.android.support.constraint:constraint-layout:1.1.2] AndroidManifest.xml:5:5-7:41
MERGED from [com.github.dmytrodanylyk.android-process-button:library:1.0.4] AndroidManifest.xml:8:5-10:41
MERGED from [com.github.dmytrodanylyk.android-process-button:library:1.0.4] AndroidManifest.xml:8:5-10:41
MERGED from [com.cloudinary:cloudinary-android:1.24.0] AndroidManifest.xml:7:5-9:41
MERGED from [com.cloudinary:cloudinary-android:1.24.0] AndroidManifest.xml:7:5-9:41
MERGED from [com.journeyapps:zxing-android-embedded:3.4.0] AndroidManifest.xml:19:5-43
MERGED from [com.journeyapps:zxing-android-embedded:3.4.0] AndroidManifest.xml:19:5-43
MERGED from [com.google.android.gms:play-services-maps:15.0.1] AndroidManifest.xml:20:5-44
MERGED from [com.google.android.gms:play-services-maps:15.0.1] AndroidManifest.xml:20:5-44
MERGED from [com.google.android.gms:play-services-location:15.0.1] AndroidManifest.xml:5:5-44
MERGED from [com.google.android.gms:play-services-location:15.0.1] AndroidManifest.xml:5:5-44
MERGED from [com.google.android.gms:play-services-base:15.0.1] AndroidManifest.xml:20:5-44
MERGED from [com.google.android.gms:play-services-base:15.0.1] AndroidManifest.xml:20:5-44
MERGED from [com.google.android.gms:play-services-places-placereport:15.0.1] AndroidManifest.xml:20:5-44
MERGED from [com.google.android.gms:play-services-places-placereport:15.0.1] AndroidManifest.xml:20:5-44
MERGED from [com.google.android.gms:play-services-tasks:15.0.1] AndroidManifest.xml:5:5-44
MERGED from [com.google.android.gms:play-services-tasks:15.0.1] AndroidManifest.xml:5:5-44
MERGED from [com.google.android.gms:play-services-basement:15.0.1] AndroidManifest.xml:20:5-44
MERGED from [com.google.android.gms:play-services-basement:15.0.1] AndroidManifest.xml:20:5-44
MERGED from [com.miguelcatalan:materialsearchview:1.4.0] AndroidManifest.xml:7:5-9:41
MERGED from [com.miguelcatalan:materialsearchview:1.4.0] AndroidManifest.xml:7:5-9:41
MERGED from [com.android.support:design:27.1.1] AndroidManifest.xml:20:5-44
MERGED from [com.android.support:design:27.1.1] AndroidManifest.xml:20:5-44
MERGED from [com.android.support:support-v4:27.1.1] AndroidManifest.xml:20:5-44
MERGED from [com.android.support:support-v4:27.1.1] AndroidManifest.xml:20:5-44
MERGED from [com.android.support:cardview-v7:27.1.1] AndroidManifest.xml:20:5-44
MERGED from [com.android.support:cardview-v7:27.1.1] AndroidManifest.xml:20:5-44
MERGED from [com.afollestad.material-dialogs:core:0.9.6.0] AndroidManifest.xml:8:5-11:75
MERGED from [com.afollestad.material-dialogs:core:0.9.6.0] AndroidManifest.xml:8:5-11:75
MERGED from [com.airbnb.android:lottie:2.5.5] AndroidManifest.xml:7:5-9:41
MERGED from [com.airbnb.android:lottie:2.5.5] AndroidManifest.xml:7:5-9:41
MERGED from [io.github.tonnyl:whatsnew:0.1.1] AndroidManifest.xml:8:5-11:72
MERGED from [io.github.tonnyl:whatsnew:0.1.1] AndroidManifest.xml:8:5-11:72
MERGED from [com.theartofdev.edmodo:android-image-cropper:2.7.0] AndroidManifest.xml:7:5-9:41
MERGED from [com.theartofdev.edmodo:android-image-cropper:2.7.0] AndroidManifest.xml:7:5-9:41
MERGED from [me.zhanghai.android.materialprogressbar:library:1.4.2] AndroidManifest.xml:12:5-14:41
MERGED from [me.zhanghai.android.materialprogressbar:library:1.4.2] AndroidManifest.xml:12:5-14:41
MERGED from [com.android.support:appcompat-v7:27.1.1] AndroidManifest.xml:20:5-44
MERGED from [com.android.support:appcompat-v7:27.1.1] AndroidManifest.xml:20:5-44
MERGED from [com.eftimoff:android-pathview:1.0.8] AndroidManifest.xml:8:5-10:41
MERGED from [com.eftimoff:android-pathview:1.0.8] AndroidManifest.xml:8:5-10:41
MERGED from [com.patrickpissurno:ripple-effect:1.3.1] AndroidManifest.xml:8:5-10:41
MERGED from [com.patrickpissurno:ripple-effect:1.3.1] AndroidManifest.xml:8:5-10:41
MERGED from [com.ToxicBakery.viewpager.transforms:view-pager-transforms:1.2.32] AndroidManifest.xml:23:5-25:41
MERGED from [com.ToxicBakery.viewpager.transforms:view-pager-transforms:1.2.32] AndroidManifest.xml:23:5-25:41
MERGED from [com.jakewharton:butterknife:8.8.1] AndroidManifest.xml:5:5-43
MERGED from [com.jakewharton:butterknife:8.8.1] AndroidManifest.xml:5:5-43
MERGED from [android.arch.persistence.room:rxjava2:1.0.0] AndroidManifest.xml:20:5-22:41
MERGED from [android.arch.persistence.room:rxjava2:1.0.0] AndroidManifest.xml:20:5-22:41
MERGED from [android.arch.persistence.room:runtime:1.0.0] AndroidManifest.xml:20:5-22:41
MERGED from [android.arch.persistence.room:runtime:1.0.0] AndroidManifest.xml:20:5-22:41
MERGED from [com.github.juanlabrador:badgecounter:1.0.2] AndroidManifest.xml:8:5-10:41
MERGED from [com.github.juanlabrador:badgecounter:1.0.2] AndroidManifest.xml:8:5-10:41
MERGED from [com.github.mirrajabi:search-dialog:1.2.2] AndroidManifest.xml:7:5-9:41
MERGED from [com.github.mirrajabi:search-dialog:1.2.2] AndroidManifest.xml:7:5-9:41
MERGED from [io.reactivex.rxjava2:rxandroid:2.0.2] AndroidManifest.xml:19:5-43
MERGED from [io.reactivex.rxjava2:rxandroid:2.0.2] AndroidManifest.xml:19:5-43
MERGED from [android.arch.lifecycle:extensions:1.1.0] AndroidManifest.xml:20:5-44
MERGED from [android.arch.lifecycle:extensions:1.1.0] AndroidManifest.xml:20:5-44
MERGED from [com.android.support:support-fragment:27.1.1] AndroidManifest.xml:20:5-44
MERGED from [com.android.support:support-fragment:27.1.1] AndroidManifest.xml:20:5-44
MERGED from [android.arch.lifecycle:viewmodel:1.1.0] AndroidManifest.xml:20:5-44
MERGED from [android.arch.lifecycle:viewmodel:1.1.0] AndroidManifest.xml:20:5-44
MERGED from [com.android.support:animated-vector-drawable:27.1.1] AndroidManifest.xml:20:5-44
MERGED from [com.android.support:animated-vector-drawable:27.1.1] AndroidManifest.xml:20:5-44
MERGED from [com.android.support:support-vector-drawable:27.1.1] AndroidManifest.xml:20:5-44
MERGED from [com.android.support:support-vector-drawable:27.1.1] AndroidManifest.xml:20:5-44
MERGED from [com.android.support:recyclerview-v7:27.1.1] AndroidManifest.xml:20:5-44
MERGED from [com.android.support:recyclerview-v7:27.1.1] AndroidManifest.xml:20:5-44
MERGED from [com.android.support:support-core-ui:27.1.1] AndroidManifest.xml:20:5-44
MERGED from [com.android.support:support-core-ui:27.1.1] AndroidManifest.xml:20:5-44